<?xml version="1.0" encoding="UTF-8"?>
<testng-results skipped="0" failed="0" ignored="0" total="0" passed="0">
  <reporter-output>
  </reporter-output>
  <suite name="Section36_lecture084" duration-ms="94915" started-at="2019-09-25T12:26:45 ART" finished-at="2019-09-25T12:28:20 ART">
    <groups>
    </groups>
    <test name="Section36_lecture084" duration-ms="94915" started-at="2019-09-25T12:26:45 ART" finished-at="2019-09-25T12:28:20 ART">
    </test> <!-- Section36_lecture084 -->
  </suite> <!-- Section36_lecture084 -->
</testng-results>
