<?xml version="1.0" encoding="UTF-8"?>
<testng-results skipped="0" failed="0" ignored="0" total="0" passed="0">
  <reporter-output>
  </reporter-output>
  <suite name="All Test Suite" duration-ms="105387" started-at="2019-10-18T17:43:13 ART" finished-at="2019-10-18T17:44:58 ART">
    <groups>
    </groups>
    <test name="luis" duration-ms="105387" started-at="2019-10-18T17:43:13 ART" finished-at="2019-10-18T17:44:58 ART">
    </test> <!-- luis -->
  </suite> <!-- All Test Suite -->
</testng-results>
