<?xml version="1.0" encoding="UTF-8"?>
<testng-results skipped="0" failed="0" ignored="0" total="0" passed="0">
  <reporter-output>
  </reporter-output>
  <suite name="All Test Suite" duration-ms="182182" started-at="2019-10-22T17:38:01 ART" finished-at="2019-10-22T17:41:03 ART">
    <groups>
    </groups>
    <test name="luis" duration-ms="182182" started-at="2019-10-22T17:38:01 ART" finished-at="2019-10-22T17:41:03 ART">
    </test> <!-- luis -->
  </suite> <!-- All Test Suite -->
</testng-results>
