[
  {
    "line": 1,
    "elements": [
      {
        "before": [
          {
            "result": {
              "duration": 9224136855,
              "status": "passed"
            },
            "match": {
              "location": "MasterHooks.setup()"
            }
          }
        ],
        "line": 8,
        "name": "validate promo code alert is visible when clickin ob the special offers link",
        "description": "",
        "id": "products;validate-promo-code-alert-is-visible-when-clickin-ob-the-special-offers-link;;2",
        "after": [
          {
            "result": {
              "duration": 5722257935,
              "status": "passed"
            },
            "match": {
              "location": "MasterHooks.tearDown()"
            }
          }
        ],
        "type": "scenario",
        "keyword": "Scenario Outline",
        "steps": [
          {
            "result": {
              "duration": 9337494804,
              "status": "passed"
            },
            "line": 3,
            "name": "user navigates to \"http://webdriveruniversity.com/Page-Object-Model/products.html\" website",
            "match": {
              "arguments": [
                {
                  "val": "http://webdriveruniversity.com/Page-Object-Model/products.html",
                  "offset": 19
                }
              ],
              "location": "Products_Steps.user_navigates_to_website(String)"
            },
            "matchedColumns": [
              0
            ],
            "keyword": "Given "
          },
          {
            "result": {
              "duration": 4106319005,
              "status": "passed"
            },
            "line": 4,
            "name": "user clicks on \"special-offers\"",
            "match": {
              "arguments": [
                {
                  "val": "special-offers",
                  "offset": 16
                }
              ],
              "location": "Products_Steps.user_clicks_on(String)"
            },
            "matchedColumns": [
              1
            ],
            "keyword": "When "
          },
          {
            "result": {
              "duration": 2066205279,
              "status": "passed"
            },
            "line": 5,
            "name": "user should be presented with a promo alert",
            "match": {
              "location": "Products_Steps.user_should_be_presented_with_a_promo_alert()"
            },
            "keyword": "Then "
          }
        ]
      },
      {
        "before": [
          {
            "result": {
              "duration": 5518811,
              "error_message": "org.openqa.selenium.NoSuchSessionException: Session ID is null. Using WebDriver after calling quit()?\nBuild info: version: \u00273.6.0\u0027, revision: \u00276fbf3ec767\u0027, time: \u00272017-09-27T15:28:36.4Z\u0027\nSystem info: host: \u0027LMEDINA1\u0027, ip: \u0027172.17.232.177\u0027, os.name: \u0027Windows 10\u0027, os.arch: \u0027amd64\u0027, os.version: \u002710.0\u0027, java.version: \u00271.8.0_221\u0027\nDriver info: driver.version: RemoteWebDriver\r\n\tat org.openqa.selenium.remote.HttpCommandExecutor.execute(HttpCommandExecutor.java:131)\r\n\tat org.openqa.selenium.remote.service.DriverCommandExecutor.execute(DriverCommandExecutor.java:83)\r\n\tat org.openqa.selenium.remote.RemoteWebDriver.execute(RemoteWebDriver.java:586)\r\n\tat org.openqa.selenium.remote.RemoteWebDriver$RemoteWebDriverOptions$RemoteTimeouts.pageLoadTimeout(RemoteWebDriver.java:832)\r\n\tat Utils.DriverFactory.getDriver(DriverFactory.java:68)\r\n\tat Step_Definitions.MasterHooks.setup(MasterHooks.java:11)\r\n\tat sun.reflect.NativeMethodAccessorImpl.invoke0(Native Method)\r\n\tat sun.reflect.NativeMethodAccessorImpl.invoke(NativeMethodAccessorImpl.java:62)\r\n\tat sun.reflect.DelegatingMethodAccessorImpl.invoke(DelegatingMethodAccessorImpl.java:43)\r\n\tat java.lang.reflect.Method.invoke(Method.java:498)\r\n\tat cucumber.runtime.Utils$1.call(Utils.java:40)\r\n\tat cucumber.runtime.Timeout.timeout(Timeout.java:16)\r\n\tat cucumber.runtime.Utils.invoke(Utils.java:34)\r\n\tat cucumber.runtime.java.JavaHookDefinition.execute(JavaHookDefinition.java:60)\r\n\tat cucumber.runtime.Runtime.runHookIfTagsMatch(Runtime.java:224)\r\n\tat cucumber.runtime.Runtime.runHooks(Runtime.java:212)\r\n\tat cucumber.runtime.Runtime.runBeforeHooks(Runtime.java:202)\r\n\tat cucumber.runtime.model.CucumberScenario.run(CucumberScenario.java:40)\r\n\tat cucumber.runtime.model.CucumberScenarioOutline.run(CucumberScenarioOutline.java:46)\r\n\tat cucumber.runtime.model.CucumberFeature.run(CucumberFeature.java:165)\r\n\tat cucumber.api.testng.TestNGCucumberRunner.runCucumber(TestNGCucumberRunner.java:63)\r\n\tat cucumber.api.testng.AbstractTestNGCucumberTests.feature(AbstractTestNGCucumberTests.java:21)\r\n\tat sun.reflect.NativeMethodAccessorImpl.invoke0(Native Method)\r\n\tat sun.reflect.NativeMethodAccessorImpl.invoke(NativeMethodAccessorImpl.java:62)\r\n\tat sun.reflect.DelegatingMethodAccessorImpl.invoke(DelegatingMethodAccessorImpl.java:43)\r\n\tat java.lang.reflect.Method.invoke(Method.java:498)\r\n\tat org.testng.internal.MethodInvocationHelper.invokeMethod(MethodInvocationHelper.java:86)\r\n\tat org.testng.internal.Invoker.invokeMethod(Invoker.java:643)\r\n\tat org.testng.internal.Invoker.invokeTestMethod(Invoker.java:820)\r\n\tat org.testng.internal.Invoker.invokeTestMethods(Invoker.java:1128)\r\n\tat org.testng.internal.TestMethodWorker.invokeTestMethods(TestMethodWorker.java:129)\r\n\tat org.testng.internal.TestMethodWorker.run(TestMethodWorker.java:112)\r\n\tat org.testng.TestRunner.privateRun(TestRunner.java:782)\r\n\tat org.testng.TestRunner.run(TestRunner.java:632)\r\n\tat org.testng.SuiteRunner.runTest(SuiteRunner.java:366)\r\n\tat org.testng.SuiteRunner.runSequentially(SuiteRunner.java:361)\r\n\tat org.testng.SuiteRunner.privateRun(SuiteRunner.java:319)\r\n\tat org.testng.SuiteRunner.run(SuiteRunner.java:268)\r\n\tat org.testng.SuiteRunnerWorker.runSuite(SuiteRunnerWorker.java:52)\r\n\tat org.testng.SuiteRunnerWorker.run(SuiteRunnerWorker.java:86)\r\n\tat org.testng.TestNG.runSuitesSequentially(TestNG.java:1244)\r\n\tat org.testng.TestNG.runSuitesLocally(TestNG.java:1169)\r\n\tat org.testng.TestNG.run(TestNG.java:1064)\r\n\tat org.testng.IDEARemoteTestNG.run(IDEARemoteTestNG.java:73)\r\n\tat org.testng.RemoteTestNGStarter.main(RemoteTestNGStarter.java:123)\r\n",
              "status": "failed"
            },
            "match": {
              "location": "MasterHooks.setup()"
            }
          }
        ],
        "line": 9,
        "name": "validate promo code alert is visible when clickin ob the special offers link",
        "description": "",
        "id": "products;validate-promo-code-alert-is-visible-when-clickin-ob-the-special-offers-link;;3",
        "after": [
          {
            "result": {
              "duration": 171372,
              "error_message": "org.openqa.selenium.NoSuchSessionException: Session ID is null. Using WebDriver after calling quit()?\nBuild info: version: \u00273.6.0\u0027, revision: \u00276fbf3ec767\u0027, time: \u00272017-09-27T15:28:36.4Z\u0027\nSystem info: host: \u0027LMEDINA1\u0027, ip: \u0027172.17.232.177\u0027, os.name: \u0027Windows 10\u0027, os.arch: \u0027amd64\u0027, os.version: \u002710.0\u0027, java.version: \u00271.8.0_221\u0027\nDriver info: driver.version: RemoteWebDriver\r\n\tat org.openqa.selenium.remote.HttpCommandExecutor.execute(HttpCommandExecutor.java:131)\r\n\tat org.openqa.selenium.remote.service.DriverCommandExecutor.execute(DriverCommandExecutor.java:83)\r\n\tat org.openqa.selenium.remote.RemoteWebDriver.execute(RemoteWebDriver.java:586)\r\n\tat org.openqa.selenium.remote.RemoteWebDriver.execute(RemoteWebDriver.java:643)\r\n\tat org.openqa.selenium.remote.RemoteWebDriver$RemoteWebDriverOptions.deleteAllCookies(RemoteWebDriver.java:728)\r\n\tat Step_Definitions.MasterHooks.tearDown(MasterHooks.java:18)\r\n\tat sun.reflect.NativeMethodAccessorImpl.invoke0(Native Method)\r\n\tat sun.reflect.NativeMethodAccessorImpl.invoke(NativeMethodAccessorImpl.java:62)\r\n\tat sun.reflect.DelegatingMethodAccessorImpl.invoke(DelegatingMethodAccessorImpl.java:43)\r\n\tat java.lang.reflect.Method.invoke(Method.java:498)\r\n\tat cucumber.runtime.Utils$1.call(Utils.java:40)\r\n\tat cucumber.runtime.Timeout.timeout(Timeout.java:16)\r\n\tat cucumber.runtime.Utils.invoke(Utils.java:34)\r\n\tat cucumber.runtime.java.JavaHookDefinition.execute(JavaHookDefinition.java:60)\r\n\tat cucumber.runtime.Runtime.runHookIfTagsMatch(Runtime.java:224)\r\n\tat cucumber.runtime.Runtime.runHooks(Runtime.java:212)\r\n\tat cucumber.runtime.Runtime.runAfterHooks(Runtime.java:206)\r\n\tat cucumber.runtime.model.CucumberScenario.run(CucumberScenario.java:46)\r\n\tat cucumber.runtime.model.CucumberScenarioOutline.run(CucumberScenarioOutline.java:46)\r\n\tat cucumber.runtime.model.CucumberFeature.run(CucumberFeature.java:165)\r\n\tat cucumber.api.testng.TestNGCucumberRunner.runCucumber(TestNGCucumberRunner.java:63)\r\n\tat cucumber.api.testng.AbstractTestNGCucumberTests.feature(AbstractTestNGCucumberTests.java:21)\r\n\tat sun.reflect.NativeMethodAccessorImpl.invoke0(Native Method)\r\n\tat sun.reflect.NativeMethodAccessorImpl.invoke(NativeMethodAccessorImpl.java:62)\r\n\tat sun.reflect.DelegatingMethodAccessorImpl.invoke(DelegatingMethodAccessorImpl.java:43)\r\n\tat java.lang.reflect.Method.invoke(Method.java:498)\r\n\tat org.testng.internal.MethodInvocationHelper.invokeMethod(MethodInvocationHelper.java:86)\r\n\tat org.testng.internal.Invoker.invokeMethod(Invoker.java:643)\r\n\tat org.testng.internal.Invoker.invokeTestMethod(Invoker.java:820)\r\n\tat org.testng.internal.Invoker.invokeTestMethods(Invoker.java:1128)\r\n\tat org.testng.internal.TestMethodWorker.invokeTestMethods(TestMethodWorker.java:129)\r\n\tat org.testng.internal.TestMethodWorker.run(TestMethodWorker.java:112)\r\n\tat org.testng.TestRunner.privateRun(TestRunner.java:782)\r\n\tat org.testng.TestRunner.run(TestRunner.java:632)\r\n\tat org.testng.SuiteRunner.runTest(SuiteRunner.java:366)\r\n\tat org.testng.SuiteRunner.runSequentially(SuiteRunner.java:361)\r\n\tat org.testng.SuiteRunner.privateRun(SuiteRunner.java:319)\r\n\tat org.testng.SuiteRunner.run(SuiteRunner.java:268)\r\n\tat org.testng.SuiteRunnerWorker.runSuite(SuiteRunnerWorker.java:52)\r\n\tat org.testng.SuiteRunnerWorker.run(SuiteRunnerWorker.java:86)\r\n\tat org.testng.TestNG.runSuitesSequentially(TestNG.java:1244)\r\n\tat org.testng.TestNG.runSuitesLocally(TestNG.java:1169)\r\n\tat org.testng.TestNG.run(TestNG.java:1064)\r\n\tat org.testng.IDEARemoteTestNG.run(IDEARemoteTestNG.java:73)\r\n\tat org.testng.RemoteTestNGStarter.main(RemoteTestNGStarter.java:123)\r\n",
              "status": "failed"
            },
            "match": {
              "location": "MasterHooks.tearDown()"
            }
          }
        ],
        "type": "scenario",
        "keyword": "Scenario Outline",
        "steps": [
          {
            "result": {
              "status": "skipped"
            },
            "line": 3,
            "name": "user navigates to \"http://webdriveruniversity.com/Page-Object-Model/products.html\" website",
            "match": {
              "arguments": [
                {
                  "val": "http://webdriveruniversity.com/Page-Object-Model/products.html",
                  "offset": 19
                }
              ],
              "location": "Products_Steps.user_navigates_to_website(String)"
            },
            "matchedColumns": [
              0
            ],
            "keyword": "Given "
          },
          {
            "result": {
              "status": "skipped"
            },
            "line": 4,
            "name": "user clicks on \"cameras\"",
            "match": {
              "arguments": [
                {
                  "val": "cameras",
                  "offset": 16
                }
              ],
              "location": "Products_Steps.user_clicks_on(String)"
            },
            "matchedColumns": [
              1
            ],
            "keyword": "When "
          },
          {
            "result": {
              "status": "skipped"
            },
            "line": 5,
            "name": "user should be presented with a promo alert",
            "match": {
              "location": "Products_Steps.user_should_be_presented_with_a_promo_alert()"
            },
            "keyword": "Then "
          }
        ]
      }
    ],
    "name": "Products",
    "description": "",
    "id": "products",
    "keyword": "Feature",
    "uri": "src/test/java/Features/Products.feature"
  }
]